<?xml version="1.0" encoding="UTF-8"?>
<robot generator="Robot 6.1.1 (Python 3.10.12 on win32)" generated="20231120 12:53:34.775" rpa="false" schemaversion="4">
<suite id="s1" name="Basıc" source="c:\Users\t_bay\OneDrive\Desktop\Robot\basıc.robot">
<test id="s1-t1" name="Open" line="7">
<kw name="Open Browser" library="SeleniumLibrary">
<arg>https://www.python.org/downloads/windows/</arg>
<arg>chrome</arg>
<doc>Opens a new browser instance to the optional ``url``.</doc>
<msg timestamp="20231120 12:53:35.136" level="INFO">Opening browser 'chrome' to base url 'https://www.python.org/downloads/windows/'.</msg>
<status status="PASS" starttime="20231120 12:53:35.136" endtime="20231120 12:53:38.408"/>
</kw>
<kw name="Maximize Browser Window" library="SeleniumLibrary">
<doc>Maximizes current browser window.</doc>
<status status="PASS" starttime="20231120 12:53:38.408" endtime="20231120 12:53:38.554"/>
</kw>
<status status="PASS" starttime="20231120 12:53:35.135" endtime="20231120 12:53:38.554"/>
</test>
<status status="PASS" starttime="20231120 12:53:34.783" endtime="20231120 12:53:38.563"/>
</suite>
<statistics>
<total>
<stat pass="1" fail="0" skip="0">All Tests</stat>
</total>
<tag>
</tag>
<suite>
<stat pass="1" fail="0" skip="0" id="s1" name="Basıc">Basıc</stat>
</suite>
</statistics>
<errors>
</errors>
</robot>
