<?xml version="1.0" encoding="UTF-8"?>
<robot generator="Robot 6.1.1 (Python 3.10.12 on win32)" generated="20240102 21:52:27.989" rpa="true" schemaversion="4">
<suite id="s1" name="Robot" source="C:\Users\t_bay\OneDrive\Desktop\Robot">
<suite id="s1-s1" name="TestCaseTom" source="C:\Users\t_bay\OneDrive\Desktop\Robot\TestCaseTom">
<suite id="s1-s1-s1" name="test1 openWebsite" source="C:\Users\t_bay\OneDrive\Desktop\Robot\TestCaseTom\test1_openWebsite.robot">
<test id="s1-s1-s1-t1" name="Open Webpage" line="8">
<kw name="Open Website">
<kw name="Open Browser" library="SeleniumLibrary">
<arg>https://www.rpa-unlimited.com/youtube/robocorp-tutorial/</arg>
<arg>chrome</arg>
<doc>Opens a new browser instance to the optional ``url``.</doc>
<msg timestamp="20240102 21:52:28.207" level="INFO">Opening browser 'chrome' to base url 'https://www.rpa-unlimited.com/youtube/robocorp-tutorial/'.</msg>
<status status="PASS" starttime="20240102 21:52:28.207" endtime="20240102 21:52:31.594"/>
</kw>
<kw name="Maximize Browser Window" library="SeleniumLibrary">
<doc>Maximizes current browser window.</doc>
<status status="PASS" starttime="20240102 21:52:31.594" endtime="20240102 21:52:31.713"/>
</kw>
<status status="PASS" starttime="20240102 21:52:28.207" endtime="20240102 21:52:31.713"/>
</kw>
<kw name="Add customer to CRM system">
<kw name="Input Text" library="SeleniumLibrary">
<arg>company-name</arg>
<arg>Toms Tech Academy</arg>
<doc>Types the given ``text`` into the text field identified by ``locator``.</doc>
<msg timestamp="20240102 21:52:31.713" level="INFO">Typing text 'Toms Tech Academy' into text field 'company-name'.</msg>
<status status="PASS" starttime="20240102 21:52:31.713" endtime="20240102 21:52:31.844"/>
</kw>
<kw name="Input Text" library="SeleniumLibrary">
<arg>company-contact</arg>
<arg>Thomas</arg>
<doc>Types the given ``text`` into the text field identified by ``locator``.</doc>
<msg timestamp="20240102 21:52:31.847" level="INFO">Typing text 'Thomas' into text field 'company-contact'.</msg>
<status status="PASS" starttime="20240102 21:52:31.845" endtime="20240102 21:52:31.943"/>
</kw>
<kw name="Input Text" library="SeleniumLibrary">
<arg>address</arg>
<arg>Johannstr.10</arg>
<doc>Types the given ``text`` into the text field identified by ``locator``.</doc>
<msg timestamp="20240102 21:52:31.943" level="INFO">Typing text 'Johannstr.10' into text field 'address'.</msg>
<status status="PASS" starttime="20240102 21:52:31.943" endtime="20240102 21:52:32.027"/>
</kw>
<kw name="Input Text" library="SeleniumLibrary">
<arg>zipcode</arg>
<arg>52078</arg>
<doc>Types the given ``text`` into the text field identified by ``locator``.</doc>
<msg timestamp="20240102 21:52:32.027" level="INFO">Typing text '52078' into text field 'zipcode'.</msg>
<status status="PASS" starttime="20240102 21:52:32.027" endtime="20240102 21:52:32.111"/>
</kw>
<kw name="Input Text" library="SeleniumLibrary">
<arg>city</arg>
<arg>Aachen</arg>
<doc>Types the given ``text`` into the text field identified by ``locator``.</doc>
<msg timestamp="20240102 21:52:32.111" level="INFO">Typing text 'Aachen' into text field 'city'.</msg>
<status status="PASS" starttime="20240102 21:52:32.111" endtime="20240102 21:52:32.194"/>
</kw>
<kw name="Input Text" library="SeleniumLibrary">
<arg>country</arg>
<arg>Germany</arg>
<doc>Types the given ``text`` into the text field identified by ``locator``.</doc>
<msg timestamp="20240102 21:52:32.194" level="INFO">Typing text 'Germany' into text field 'country'.</msg>
<status status="PASS" starttime="20240102 21:52:32.194" endtime="20240102 21:52:32.282"/>
</kw>
<kw name="Input Text" library="SeleniumLibrary">
<arg>telephone</arg>
<arg>821637642</arg>
<doc>Types the given ``text`` into the text field identified by ``locator``.</doc>
<msg timestamp="20240102 21:52:32.283" level="INFO">Typing text '821637642' into text field 'telephone'.</msg>
<status status="PASS" starttime="20240102 21:52:32.283" endtime="20240102 21:52:32.359"/>
</kw>
<kw name="Input Text" library="SeleniumLibrary">
<arg>email</arg>
<arg>hdaskhkd@hotmail.com</arg>
<doc>Types the given ``text`` into the text field identified by ``locator``.</doc>
<msg timestamp="20240102 21:52:32.360" level="INFO">Typing text 'hdaskhkd@hotmail.com' into text field 'email'.</msg>
<status status="PASS" starttime="20240102 21:52:32.359" endtime="20240102 21:52:32.443"/>
</kw>
<kw name="Sleep" library="BuiltIn">
<arg>2</arg>
<doc>Pauses the test executed for the given time.</doc>
<msg timestamp="20240102 21:52:34.457" level="INFO">Slept 2 seconds</msg>
<status status="PASS" starttime="20240102 21:52:32.443" endtime="20240102 21:52:34.460"/>
</kw>
<kw name="Submit Form" library="SeleniumLibrary">
<doc>Submits a form identified by ``locator``.</doc>
<msg timestamp="20240102 21:52:34.460" level="INFO">Submitting form 'None'.</msg>
<status status="PASS" starttime="20240102 21:52:34.460" endtime="20240102 21:52:34.610"/>
</kw>
<kw name="Sleep" library="BuiltIn">
<arg>2</arg>
<doc>Pauses the test executed for the given time.</doc>
<msg timestamp="20240102 21:52:36.624" level="INFO">Slept 2 seconds</msg>
<status status="PASS" starttime="20240102 21:52:34.610" endtime="20240102 21:52:36.626"/>
</kw>
<status status="PASS" starttime="20240102 21:52:31.713" endtime="20240102 21:52:36.627"/>
</kw>
<status status="PASS" starttime="20240102 21:52:28.207" endtime="20240102 21:52:36.627"/>
</test>
<status status="PASS" starttime="20240102 21:52:28.027" endtime="20240102 21:52:36.627"/>
</suite>
<status status="PASS" starttime="20240102 21:52:28.018" endtime="20240102 21:52:36.643"/>
</suite>
<status status="PASS" starttime="20240102 21:52:27.994" endtime="20240102 21:52:36.643"/>
</suite>
<statistics>
<total>
<stat pass="1" fail="0" skip="0">All Tasks</stat>
</total>
<tag>
</tag>
<suite>
<stat pass="1" fail="0" skip="0" id="s1" name="Robot">Robot</stat>
<stat pass="1" fail="0" skip="0" id="s1-s1" name="TestCaseTom">Robot.TestCaseTom</stat>
<stat pass="1" fail="0" skip="0" id="s1-s1-s1" name="test1 openWebsite">Robot.TestCaseTom.test1 openWebsite</stat>
</suite>
</statistics>
<errors>
</errors>
</robot>
