<?xml version="1.0" encoding="UTF-8"?>
<robot generator="Robot 6.1.1 (Python 3.10.12 on win32)" generated="20240208 20:53:16.064" rpa="false" schemaversion="4">
<suite id="s1" name="Robot" source="C:\Users\t_bay\OneDrive\Desktop\Robot">
<suite id="s1-s1" name="TestCaseWithBrowserLibrary" source="C:\Users\t_bay\OneDrive\Desktop\Robot\TestCaseWithBrowserLibrary">
<suite id="s1-s1-s1" name="Test02 Input" source="C:\Users\t_bay\OneDrive\Desktop\Robot\TestCaseWithBrowserLibrary\Test02_Input.robot">
<test id="s1-s1-s1-t1" name="Input Text" line="7">
<kw name="Open">
<doc>Input Text</doc>
<kw name="New Browser">
<arg>browser=chromium</arg>
<arg>headless=False</arg>
<arg>args=["--start-maximized"]</arg>
<msg timestamp="20240208 20:53:16.144" level="FAIL">No keyword with name 'New Browser' found.</msg>
<status status="FAIL" starttime="20240208 20:53:16.144" endtime="20240208 20:53:16.144"/>
</kw>
<kw name="New Context">
<arg>viewport=${None}</arg>
<status status="NOT RUN" starttime="20240208 20:53:16.149" endtime="20240208 20:53:16.149"/>
</kw>
<kw name="New Page">
<arg>https://de-de.facebook.com/</arg>
<status status="NOT RUN" starttime="20240208 20:53:16.152" endtime="20240208 20:53:16.154"/>
</kw>
<kw name="Click">
<arg>//button[.="Alle Cookies erlauben"]</arg>
<status status="NOT RUN" starttime="20240208 20:53:16.154" endtime="20240208 20:53:16.154"/>
</kw>
<kw name="Fill Text">
<arg>//input[@id="email"]</arg>
<arg>tolga@gmaäl.xom</arg>
<status status="NOT RUN" starttime="20240208 20:53:16.160" endtime="20240208 20:53:16.160"/>
</kw>
<kw name="Sleep" library="BuiltIn">
<arg>1</arg>
<doc>Pauses the test executed for the given time.</doc>
<status status="NOT RUN" starttime="20240208 20:53:16.160" endtime="20240208 20:53:16.160"/>
</kw>
<kw name="Clear Text">
<arg>//input[@id="email"]</arg>
<status status="NOT RUN" starttime="20240208 20:53:16.160" endtime="20240208 20:53:16.160"/>
</kw>
<kw name="Sleep" library="BuiltIn">
<arg>1</arg>
<doc>Pauses the test executed for the given time.</doc>
<status status="NOT RUN" starttime="20240208 20:53:16.160" endtime="20240208 20:53:16.160"/>
</kw>
<kw name="Fill Text">
<arg>//input[@id="email"]</arg>
<arg>tolga</arg>
<status status="NOT RUN" starttime="20240208 20:53:16.169" endtime="20240208 20:53:16.169"/>
</kw>
<kw name="Fill Text">
<arg>//input[@id="pass"]</arg>
<arg>tolga@gmaäl.xom</arg>
<status status="NOT RUN" starttime="20240208 20:53:16.169" endtime="20240208 20:53:16.169"/>
</kw>
<status status="FAIL" starttime="20240208 20:53:16.141" endtime="20240208 20:53:16.169"/>
</kw>
<doc>Input Text</doc>
<status status="FAIL" starttime="20240208 20:53:16.141" endtime="20240208 20:53:16.176">No keyword with name 'New Browser' found.</status>
</test>
<doc>Input</doc>
<status status="FAIL" starttime="20240208 20:53:16.129" endtime="20240208 20:53:16.176"/>
</suite>
<status status="FAIL" starttime="20240208 20:53:16.119" endtime="20240208 20:53:16.179"/>
</suite>
<status status="FAIL" starttime="20240208 20:53:16.094" endtime="20240208 20:53:16.179"/>
</suite>
<statistics>
<total>
<stat pass="0" fail="1" skip="0">All Tests</stat>
</total>
<tag>
</tag>
<suite>
<stat pass="0" fail="1" skip="0" id="s1" name="Robot">Robot</stat>
<stat pass="0" fail="1" skip="0" id="s1-s1" name="TestCaseWithBrowserLibrary">Robot.TestCaseWithBrowserLibrary</stat>
<stat pass="0" fail="1" skip="0" id="s1-s1-s1" name="Test02 Input">Robot.TestCaseWithBrowserLibrary.Test02 Input</stat>
</suite>
</statistics>
<errors>
<msg timestamp="20240208 20:53:16.135" level="ERROR">Error in file 'C:\Users\t_bay\OneDrive\Desktop\Robot\TestCaseWithBrowserLibrary\Test02_Input.robot' on line 3: Importing library 'Browser' failed: ModuleNotFoundError: No module named 'Browser'
Traceback (most recent call last):
  None
PYTHONPATH:
  C:\Users\t_bay\OneDrive\Desktop\Robot\lib
  C:\Users\t_bay\OneDrive\Desktop\Robot\resources
  c:\Users\t_bay\.vscode\extensions\d-biehl.robotcode-0.73.3\bundled\libs
  c:\Users\t_bay\.vscode\extensions\d-biehl.robotcode-0.73.3\bundled\tool\robotcode
  C:\ProgramData\robocorp\ht\dd3e7d1_b1f3c24_1c0bc041\python310.zip
  C:\ProgramData\robocorp\ht\dd3e7d1_b1f3c24_1c0bc041\DLLs
  C:\ProgramData\robocorp\ht\dd3e7d1_b1f3c24_1c0bc041\lib
  C:\ProgramData\robocorp\ht\dd3e7d1_b1f3c24_1c0bc041
  C:\ProgramData\robocorp\ht\dd3e7d1_b1f3c24_1c0bc041\lib\site-packages
  C:\ProgramData\robocorp\ht\dd3e7d1_b1f3c24_1c0bc041\lib\site-packages\win32
  C:\ProgramData\robocorp\ht\dd3e7d1_b1f3c24_1c0bc041\lib\site-packages\win32\lib
  C:\ProgramData\robocorp\ht\dd3e7d1_b1f3c24_1c0bc041\lib\site-packages\Pythonwin</msg>
</errors>
</robot>
